<?xml version="1.0" encoding="UTF-8"?>
<!-- Generated by org.testng.reporters.JUnitReportReporter -->
<testsuite hostname="LAPTOP-OOUPE9D7" failures="0" tests="1" name="com.hrms.test.RegisterEmployeeTest" time="45.849" errors="0" timestamp="2022-12-20T13:34:57 IST" skipped="0">
  <testcase classname="com.hrms.test.RegisterEmployeeTest" name="registerEmployee" time="45.849"/>
  <system-out>
    <![CDATA[closing Frame]]>
  </system-out>
</testsuite> <!-- com.hrms.test.RegisterEmployeeTest -->
