<?xml version="1.0" encoding="UTF-8"?>
<!-- Generated by org.testng.reporters.JUnitReportReporter -->
<testsuite hostname="LAPTOP-OOUPE9D7" failures="0" tests="1" name="com.hrms.test.DeleteEmployeeTest" time="90.513" errors="0" timestamp="2022-12-18T19:30:58 IST" skipped="0">
  <testcase classname="com.hrms.test.DeleteEmployeeTest" name="delete" time="90.513"/>
  <system-out>
    <![CDATA[HRMSPortalModules.openHRMSPortal()
HRMSPortalModules.getTitleOfPage()
OrangeHRM - New Level of HR Management
HRMSPortalModules.login()
HRMSPortalModules.openFrame()
HRMSPortalModules.searchByEMPID()
HRMSPortalModules.searchFor()
HRMSPortalModules.clickSearchForEmployee()
HRMSPortalModules.closeFrame()
Closing web browser......................]]>
  </system-out>
</testsuite> <!-- com.hrms.test.DeleteEmployeeTest -->
