<?xml version="1.0" encoding="UTF-8"?>
<!-- Generated by org.testng.reporters.JUnitReportReporter -->
<testsuite hostname="LAPTOP-OOUPE9D7" failures="0" tests="1" name="com.hrms.test.RegisterEmployeeTest" time="72.144" errors="0" timestamp="2022-12-18T19:30:58 IST" skipped="0">
  <testcase classname="com.hrms.test.RegisterEmployeeTest" name="register" time="72.144"/>
  <system-out>
    <![CDATA[HRMSPortalModules.openHRMSPortal()
HRMSPortalModules.login()
HRMSPortalModules.openFrame()
HRMSPortalModules.clickAdd()
HRMSPortalModules.registerEmployee()
HRMSPortalModules.clickBack()
HRMSPortalModules.closeFrame()
Closing web browser......................]]>
  </system-out>
</testsuite> <!-- com.hrms.test.RegisterEmployeeTest -->
