<?xml version="1.0" encoding="UTF-8"?>
<!-- Generated by org.testng.reporters.JUnitReportReporter -->
<testsuite hostname="LAPTOP-OOUPE9D7" failures="0" tests="1" name="com.hrms.test.LoginTest" time="24.407" errors="0" timestamp="2022-12-18T19:30:58 IST" skipped="0">
  <testcase classname="com.hrms.test.LoginTest" name="login" time="24.407"/>
  <system-out>
    <![CDATA[HRMSPortalModules.openHRMSPortal()
HRMSPortalModules.login()
Closing web browser......................]]>
  </system-out>
</testsuite> <!-- com.hrms.test.LoginTest -->
