<?xml version="1.0" encoding="UTF-8"?>
<!-- Generated by org.testng.reporters.JUnitReportReporter -->
<testsuite hostname="LAPTOP-OOUPE9D7" failures="0" tests="1" name="com.hrms.test.LoginTest" time="23.180" errors="0" timestamp="2022-12-19T18:49:40 IST" skipped="0">
  <testcase classname="com.hrms.test.LoginTest" name="login" time="23.180"/>
  <system-out>
    <![CDATA[Opening HRMS Porta
Loging into HRMS Portal
logout  HRMS Portal
Closing web browser.]]>
  </system-out>
</testsuite> <!-- com.hrms.test.LoginTest -->
