<?xml version="1.0" encoding="UTF-8"?>
<!-- Generated by org.testng.reporters.JUnitReportReporter -->
<testsuite hostname="LAPTOP-OOUPE9D7" failures="0" tests="2" name="com.nt.testng.TestNGTest" time="12.041" errors="0" timestamp="2022-12-18T17:56:31 IST" skipped="0">
  <testcase classname="com.nt.testng.TestNGTest" name="login" time="6.917"/>
  <system-out>
    <![CDATA[Login application................]]>
  </system-out>
  <testcase classname="com.nt.testng.TestNGTest" name="logout" time="5.124"/>
  <system-out>
    <![CDATA[Logout completed...............]]>
  </system-out>
</testsuite> <!-- com.nt.testng.TestNGTest -->
