<?xml version="1.0" encoding="UTF-8"?>
<!-- Generated by org.testng.reporters.JUnitReportReporter -->
<testsuite hostname="LAPTOP-OOUPE9D7" failures="0" tests="1" name="com.hrms.test.DeleteEmployeeTest" time="43.135" errors="0" timestamp="2022-12-19T17:51:51 IST" skipped="0">
  <testcase classname="com.hrms.test.DeleteEmployeeTest" name="delete" time="43.135"/>
  <system-out>
    <![CDATA[Opening HRMS Porta
OrangeHRM - New Level of HR Management
Loging into HRMS Portal
opening Frame
Search by empid
Search for employee
click on Search for employee
Select check box
Click on delete employee
closing Frame
Closing web browser.]]>
  </system-out>
</testsuite> <!-- com.hrms.test.DeleteEmployeeTest -->
