<?xml version="1.0" encoding="UTF-8"?>
<!-- Generated by org.testng.reporters.JUnitReportReporter -->
<testsuite hostname="LAPTOP-OOUPE9D7" failures="0" tests="1" name="com.hrms.test.LoginTest" time="46.343" errors="0" timestamp="2022-12-20T13:23:58 IST" skipped="0">
  <testcase classname="com.hrms.test.LoginTest" name="login" time="46.343"/>
  <system-out>
    <![CDATA[Closing web browser.]]>
  </system-out>
</testsuite> <!-- com.hrms.test.LoginTest -->
