<?xml version="1.0" encoding="UTF-8"?>
<!-- Generated by org.testng.reporters.JUnitReportReporter -->
<testsuite hostname="LAPTOP-OOUPE9D7" failures="0" tests="1" name="com.hrms.test.RegisterEmployeeTest" time="91.697" errors="0" timestamp="2022-12-19T17:51:51 IST" skipped="0">
  <testcase classname="com.hrms.test.RegisterEmployeeTest" name="register" time="91.697"/>
  <system-out>
    <![CDATA[Opening HRMS Porta
Loging into HRMS Portal
opening Frame
Register employee
Click onBack button
closing Frame
Closing web browser.]]>
  </system-out>
</testsuite> <!-- com.hrms.test.RegisterEmployeeTest -->
