<?xml version="1.0" encoding="UTF-8"?>
<!-- Generated by org.testng.reporters.JUnitReportReporter -->
<testsuite hostname="LAPTOP-OOUPE9D7" failures="0" tests="2" name="com.nt.testng.Excel_TestNGTest" time="12.020" errors="0" timestamp="2022-12-18T17:59:46 IST" skipped="0">
  <testcase classname="com.nt.testng.Excel_TestNGTest" name="login" time="6.920"/>
  <system-out>
    <![CDATA[Login application................]]>
  </system-out>
  <testcase classname="com.nt.testng.Excel_TestNGTest" name="logout" time="5.100"/>
  <system-out>
    <![CDATA[Logout completed...............]]>
  </system-out>
</testsuite> <!-- com.nt.testng.Excel_TestNGTest -->
